{"ts": "2024-11-01T00:02:48Z", "level": "ERROR", "component": "mailer", "message": "connection refused", "error_code": "E3869"}
{"ts": "2024-11-01T00:03:53Z", "level": "ERROR", "component": "mailer", "message": "connection refused", "error_code": "E5823"}
{"ts": "2024-11-01T00:07:43Z", "level": "ERROR", "component": "storage", "message": "timeout", "error_code": "E7681"}
{"ts": "2024-11-01T00:08:04Z", "level": "FATAL", "component": "queue", "message": "connection refused", "error_code": "E7520", "queue_name": "mail", "depth": 29961, "stack_trace": "at main.go:792", "pid": 27375}
{"ts": "2024-11-01T00:08:29Z", "level": "WARN", "component": "db", "message": "disk full", "error_code": "E4537", "query_ms": 10641, "db_host": "replica-2"}
{"ts": "2024-11-01T00:10:35Z", "level": "ERROR", "component": "db", "message": "payload too large", "error_code": "E6927", "query_ms": 21805, "db_host": "primary"}
{"ts": "2024-11-01T00:15:11Z", "level": "ERROR", "component": "storage", "message": "timeout", "error_code": "E5664"}
{"ts": "2024-11-01T00:18:17Z", "level": "FATAL", "component": "scheduler", "message": "timeout", "error_code": "E3334", "stack_trace": "at main.go:933", "pid": 45557}
{"ts": "2024-11-01T00:22:09Z", "level": "ERROR", "component": "storage", "message": "connection refused", "error_code": "E7655"}
{"ts": "2024-11-01T00:25:22Z", "level": "ERROR", "component": "db", "message": "rate limit exceeded", "error_code": "E5358", "query_ms": 3563, "db_host": "replica-2", "request_id": "req-59584"}
{"ts": "2024-11-01T00:28:28Z", "level": "ERROR", "component": "api", "message": "connection refused", "error_code": "E1244"}
{"ts": "2024-11-01T00:32:16Z", "level": "ERROR", "component": "mailer", "message": "disk full", "error_code": "E3387"}
{"ts": "2024-11-01T00:36:56Z", "level": "ERROR", "component": "cache", "message": "timeout", "error_code": "E5127", "cache_key": "key:3147", "ttl": 3183, "request_id": "req-80971"}
{"ts": "2024-11-01T00:38:22Z", "level": "ERROR", "component": "mailer", "message": "payload too large", "error_code": "E9339", "request_id": "req-15316"}
{"ts": "2024-11-01T00:38:47Z", "level": "WARN", "component": "db", "message": "rate limit exceeded", "error_code": "E4665", "query_ms": 532, "db_host": "primary"}
{"ts": "2024-11-01T00:43:20Z", "level": "ERROR", "component": "queue", "message": "rate limit exceeded", "error_code": "E2025", "queue_name": "mail", "depth": 7653}
{"ts": "2024-11-01T00:46:48Z", "level": "ERROR", "component": "api", "message": "timeout", "error_code": "E4167"}
{"ts": "2024-11-01T00:49:49Z", "level": "WARN", "component": "mailer", "message": "timeout", "error_code": "E1785"}
{"ts": "2024-11-01T00:53:11Z", "level": "ERROR", "component": "storage", "message": "disk full", "error_code": "E5575", "request_id": "req-92557"}
{"ts": "2024-11-01T00:53:58Z", "level": "WARN", "component": "cache", "message": "timeout", "error_code": "E8424", "cache_key": "key:6682", "ttl": 3168, "request_id": "req-92514"}
{"ts": "2024-11-01T00:58:35Z", "level": "ERROR", "component": "storage", "message": "rate limit exceeded", "error_code": "E7736"}
{"ts": "2024-11-01T00:59:10Z", "level": "WARN", "component": "db", "message": "disk full", "error_code": "E5584", "query_ms": 9351, "db_host": "primary"}
{"ts": "2024-11-01T01:03:05Z", "level": "ERROR", "component": "cache", "message": "rate limit exceeded", "error_code": "E3659", "cache_key": "key:954", "ttl": 2925}
{"ts": "2024-11-01T01:04:26Z", "level": "WARN", "component": "mailer", "message": "rate limit exceeded", "error_code": "E3130"}
{"ts": "2024-11-01T01:07:32Z", "level": "ERROR", "component": "mailer", "message": "timeout", "error_code": "E9062"}
{"ts": "2024-11-01T01:11:44Z", "level": "FATAL", "component": "api", "message": "connection refused", "error_code": "E2094", "stack_trace": "at main.go:797", "pid": 50970, "request_id": "req-62072"}
{"ts": "2024-11-01T01:16:22Z", "level": "WARN", "component": "cache", "message": "timeout", "error_code": "E4199", "cache_key": "key:3252", "ttl": 830}
{"ts": "2024-11-01T01:17:17Z", "level": "FATAL", "component": "cache", "message": "payload too large", "error_code": "E3805", "cache_key": "key:3320", "ttl": 1412, "stack_trace": "at main.go:947", "pid": 62982}
{"ts": "2024-11-01T01:21:26Z", "level": "ERROR", "component": "api", "message": "rate limit exceeded", "error_code": "E1174", "request_id": "req-31531"}
{"ts": "2024-11-01T01:22:28Z", "level": "ERROR", "component": "db", "message": "timeout", "error_code": "E7223", "query_ms": 4190, "db_host": "primary"}
{"ts": "2024-11-01T01:24:39Z", "level": "WARN", "component": "scheduler", "message": "payload too large", "error_code": "E3168"}
{"ts": "2024-11-01T01:29:28Z", "level": "ERROR", "component": "cache", "message": "rate limit exceeded", "error_code": "E2986", "cache_key": "key:3120", "ttl": 893}
{"ts": "2024-11-01T01:34:17Z", "level": "ERROR", "component": "cache", "message": "invalid token", "error_code": "E1805", "cache_key": "key:2764", "ttl": 3541}
{"ts": "2024-11-01T01:34:51Z", "level": "ERROR", "component": "queue", "message": "payload too large", "error_code": "E9360", "queue_name": "mail", "depth": 6194}
{"ts": "2024-11-01T01:37:26Z", "level": "FATAL", "component": "db", "message": "rate limit exceeded", "error_code": "E4356", "query_ms": 22849, "db_host": "replica-1", "stack_trace": "at main.go:861", "pid": 6660, "request_id": "req-80016"}
{"ts": "2024-11-01T01:38:31Z", "level": "FATAL", "component": "queue", "message": "disk full", "error_code": "E9186", "queue_name": "export", "depth": 12232, "stack_trace": "at main.go:86", "pid": 919}
{"ts": "2024-11-01T01:39:28Z", "level": "WARN", "component": "mailer", "message": "invalid token", "error_code": "E9785"}
{"ts": "2024-11-01T01:40:30Z", "level": "WARN", "component": "cache", "message": "invalid token", "error_code": "E7879", "cache_key": "key:2812", "ttl": 2345}
{"ts": "2024-11-01T01:44:51Z", "level": "WARN", "component": "scheduler", "message": "invalid token", "error_code": "E8175", "request_id": "req-65839"}
{"ts": "2024-11-01T01:46:59Z", "level": "WARN", "component": "storage", "message": "connection refused", "error_code": "E2883"}
{"ts": "2024-11-01T01:48:39Z", "level": "ERROR", "component": "cache", "message": "rate limit exceeded", "error_code": "E1477", "cache_key": "key:5546", "ttl": 937}
{"ts": "2024-11-01T01:52:39Z", "level": "FATAL", "component": "api", "message": "rate limit exceeded", "error_code": "E9922", "stack_trace": "at main.go:746", "pid": 41724}
{"ts": "2024-11-01T01:53:49Z", "level": "ERROR", "component": "scheduler", "message": "timeout", "error_code": "E7597"}
{"ts": "2024-11-01T01:58:13Z", "level": "ERROR", "component": "queue", "message": "invalid token", "error_code": "E3400", "queue_name": "mail", "depth": 23926}
{"ts": "2024-11-01T02:01:35Z", "level": "ERROR", "component": "api", "message": "disk full", "error_code": "E3800", "request_id": "req-92467"}
{"ts": "2024-11-01T02:04:43Z", "level": "ERROR", "component": "db", "message": "timeout", "error_code": "E7444", "query_ms": 22741, "db_host": "replica-2", "request_id": "req-53915"}
{"ts": "2024-11-01T02:09:29Z", "level": "FATAL", "component": "api", "message": "disk full", "error_code": "E5340", "stack_trace": "at main.go:424", "pid": 37319, "request_id": "req-19550"}
{"ts": "2024-11-01T02:14:06Z", "level": "WARN", "component": "db", "message": "timeout", "error_code": "E3273", "query_ms": 11227, "db_host": "replica-2", "request_id": "req-69863"}
{"ts": "2024-11-01T02:14:36Z", "level": "ERROR", "component": "storage", "message": "disk full", "error_code": "E5399", "request_id": "req-91715"}
{"ts": "2024-11-01T02:19:23Z", "level": "ERROR", "component": "storage", "message": "timeout", "error_code": "E3594", "request_id": "req-14952"}
{"ts": "2024-11-01T02:22:22Z", "level": "WARN", "component": "storage", "message": "disk full", "error_code": "E4765"}
{"ts": "2024-11-01T02:27:09Z", "level": "ERROR", "component": "scheduler", "message": "invalid token", "error_code": "E5108"}
{"ts": "2024-11-01T02:29:48Z", "level": "WARN", "component": "cache", "message": "invalid token", "error_code": "E6533", "cache_key": "key:9990", "ttl": 2097}
{"ts": "2024-11-01T02:30:31Z", "level": "WARN", "component": "cache", "message": "payload too large", "error_code": "E8403", "cache_key": "key:8941", "ttl": 2078}
{"ts": "2024-11-01T02:30:59Z", "level": "WARN", "component": "queue", "message": "timeout", "error_code": "E6848", "queue_name": "export", "depth": 15419}
{"ts": "2024-11-01T02:34:34Z", "level": "ERROR", "component": "queue", "message": "connection refused", "error_code": "E9835", "queue_name": "export", "depth": 1718}
{"ts": "2024-11-01T02:38:35Z", "level": "ERROR", "component": "mailer", "message": "timeout", "error_code": "E2040"}
{"ts": "2024-11-01T02:42:41Z", "level": "ERROR", "component": "storage", "message": "rate limit exceeded", "error_code": "E7299"}
{"ts": "2024-11-01T02:46:34Z", "level": "ERROR", "component": "scheduler", "message": "connection refused", "error_code": "E3121", "request_id": "req-85602"}
{"ts": "2024-11-01T02:48:24Z", "level": "ERROR", "component": "scheduler", "message": "timeout", "error_code": "E9718", "request_id": "req-78732"}
{"ts": "2024-11-01T02:48:34Z", "level": "ERROR", "component": "db", "message": "disk full", "error_code": "E4890", "query_ms": 12580, "db_host": "primary"}
{"ts": "2024-11-01T02:48:59Z", "level": "WARN", "component": "mailer", "message": "payload too large", "error_code": "E7392", "request_id": "req-91204"}
{"ts": "2024-11-01T02:51:58Z", "level": "WARN", "component": "storage", "message": "timeout", "error_code": "E1501"}
{"ts": "2024-11-01T02:53:33Z", "level": "ERROR", "component": "storage", "message": "connection refused", "error_code": "E6613"}
{"ts": "2024-11-01T02:56:00Z", "level": "ERROR", "component": "storage", "message": "rate limit exceeded", "error_code": "E8547"}
{"ts": "2024-11-01T02:57:50Z", "level": "ERROR", "component": "mailer", "message": "invalid token", "error_code": "E5819", "request_id": "req-42325"}
{"ts": "2024-11-01T02:59:08Z", "level": "WARN", "component": "scheduler", "message": "invalid token", "error_code": "E5411"}
{"ts": "2024-11-01T03:01:11Z", "level": "WARN", "component": "db", "message": "invalid token", "error_code": "E2689", "query_ms": 11647, "db_host": "replica-1", "request_id": "req-20434"}
{"ts": "2024-11-01T03:04:08Z", "level": "ERROR", "component": "mailer", "message": "payload too large", "error_code": "E8918", "request_id": "req-55003"}
{"ts": "2024-11-01T03:07:37Z", "level": "ERROR", "component": "storage", "message": "connection refused", "error_code": "E7613"}
{"ts": "2024-11-01T03:09:40Z", "level": "WARN", "component": "db", "message": "payload too large", "error_code": "E9679", "query_ms": 20420, "db_host": "replica-2", "request_id": "req-39301"}
{"ts": "2024-11-01T03:14:08Z", "level": "ERROR", "component": "scheduler", "message": "rate limit exceeded", "error_code": "E7049", "request_id": "req-94649"}
{"ts": "2024-11-01T03:18:28Z", "level": "ERROR", "component": "queue", "message": "invalid token", "error_code": "E6314", "queue_name": "mail", "depth": 39969, "request_id": "req-73932"}
{"ts": "2024-11-01T03:21:05Z", "level": "WARN", "component": "db", "message": "timeout", "error_code": "E4181", "query_ms": 10547, "db_host": "replica-2"}
{"ts": "2024-11-01T03:25:37Z", "level": "WARN", "component": "api", "message": "timeout", "error_code": "E8884"}
{"ts": "2024-11-01T03:27:11Z", "level": "ERROR", "component": "storage", "message": "disk full", "error_code": "E6465"}
{"ts": "2024-11-01T03:29:38Z", "level": "WARN", "component": "api", "message": "payload too large", "error_code": "E4443", "request_id": "req-21561"}
{"ts": "2024-11-01T03:32:34Z", "level": "ERROR", "component": "api", "message": "payload too large", "error_code": "E6370", "request_id": "req-38389"}
{"ts": "2024-11-01T03:34:12Z", "level": "ERROR", "component": "db", "message": "rate limit exceeded", "error_code": "E8796", "query_ms": 24349, "db_host": "replica-2", "request_id": "req-65869"}
{"ts": "2024-11-01T03:38:11Z", "level": "WARN", "component": "api", "message": "timeout", "error_code": "E5354"}
{"ts": "2024-11-01T03:39:37Z", "level": "WARN", "component": "scheduler", "message": "timeout", "error_code": "E5644"}
{"ts": "2024-11-01T03:40:31Z", "level": "ERROR", "component": "cache", "message": "connection refused", "error_code": "E8481", "cache_key": "key:6274", "ttl": 2521}
{"ts": "2024-11-01T03:41:43Z", "level": "WARN", "component": "storage", "message": "rate limit exceeded", "error_code": "E1985"}
{"ts": "2024-11-01T03:43:00Z", "level": "WARN", "component": "api", "message": "payload too large", "error_code": "E6914", "request_id": "req-77404"}
{"ts": "2024-11-01T03:47:39Z", "level": "ERROR", "component": "mailer", "message": "payload too large", "error_code": "E7589", "request_id": "req-27937"}
{"ts": "2024-11-01T03:50:38Z", "level": "ERROR", "component": "mailer", "message": "rate limit exceeded", "error_code": "E7817", "request_id": "req-52526"}
{"ts": "2024-11-01T03:55:07Z", "level": "ERROR", "component": "mailer", "message": "rate limit exceeded", "error_code": "E9829"}
{"ts": "2024-11-01T03:57:49Z", "level": "WARN", "component": "db", "message": "rate limit exceeded", "error_code": "E6535", "query_ms": 17218, "db_host": "replica-1"}
{"ts": "2024-11-01T04:00:22Z", "level": "ERROR", "component": "cache", "message": "disk full", "error_code": "E7913", "cache_key": "key:5960", "ttl": 3262}
{"ts": "2024-11-01T04:02:59Z", "level": "ERROR", "component": "db", "message": "payload too large", "error_code": "E2944", "query_ms": 3219, "db_host": "replica-2"}
{"ts": "2024-11-01T04:05:59Z", "level": "ERROR", "component": "mailer", "message": "timeout", "error_code": "E1645", "request_id": "req-50218"}
{"ts": "2024-11-01T04:09:19Z", "level": "WARN", "component": "storage", "message": "disk full", "error_code": "E4802", "request_id": "req-40988"}
{"ts": "2024-11-01T04:10:36Z", "level": "WARN", "component": "mailer", "message": "timeout", "error_code": "E6340"}
{"ts": "2024-11-01T04:11:21Z", "level": "ERROR", "component": "cache", "message": "payload too large", "error_code": "E8872", "cache_key": "key:554", "ttl": 2137, "request_id": "req-92969"}
{"ts": "2024-11-01T04:15:08Z", "level": "ERROR", "component": "db", "message": "disk full", "error_code": "E2644", "query_ms": 9803, "db_host": "replica-1", "request_id": "req-78132"}
{"ts": "2024-11-01T04:19:46Z", "level": "WARN", "component": "queue", "message": "invalid token", "error_code": "E9038", "queue_name": "export", "depth": 32740}
{"ts": "2024-11-01T04:21:49Z", "level": "ERROR", "component": "scheduler", "message": "rate limit exceeded", "error_code": "E5795"}
{"ts": "2024-11-01T04:23:15Z", "level": "WARN", "component": "db", "message": "payload too large", "error_code": "E9442", "query_ms": 24707, "db_host": "replica-2", "request_id": "req-58343"}
{"ts": "2024-11-01T04:25:52Z", "level": "ERROR", "component": "api", "message": "invalid token", "error_code": "E4578"}
{"ts": "2024-11-01T04:27:30Z", "level": "WARN", "component": "mailer", "message": "timeout", "error_code": "E3190", "request_id": "req-18246"}
{"ts": "2024-11-01T04:28:44Z", "level": "ERROR", "component": "db", "message": "disk full", "error_code": "E1116", "query_ms": 21042, "db_host": "replica-1"}
{"ts": "2024-11-01T04:29:24Z", "level": "ERROR", "component": "api", "message": "timeout", "error_code": "E9512", "request_id": "req-44392"}
{"ts": "2024-11-01T04:33:44Z", "level": "ERROR", "component": "scheduler", "message": "invalid token", "error_code": "E8588", "request_id": "req-79797"}
{"ts": "2024-11-01T04:35:18Z", "level": "WARN", "component": "queue", "message": "invalid token", "error_code": "E2426", "queue_name": "notify", "depth": 11596}
{"ts": "2024-11-01T04:38:27Z", "level": "ERROR", "component": "cache", "message": "payload too large", "error_code": "E6950", "cache_key": "key:9209", "ttl": 2571, "request_id": "req-27782"}
{"ts": "2024-11-01T04:41:51Z", "level": "ERROR", "component": "storage", "message": "timeout", "error_code": "E6331", "request_id": "req-21827"}
{"ts": "2024-11-01T04:46:22Z", "level": "WARN", "component": "mailer", "message": "disk full", "error_code": "E8431", "request_id": "req-96203"}
{"ts": "2024-11-01T04:51:15Z", "level": "ERROR", "component": "api", "message": "rate limit exceeded", "error_code": "E1869"}
{"ts": "2024-11-01T04:52:58Z", "level": "WARN", "component": "api", "message": "disk full", "error_code": "E8680", "request_id": "req-69921"}
{"ts": "2024-11-01T04:54:58Z", "level": "ERROR", "component": "mailer", "message": "disk full", "error_code": "E4559"}
{"ts": "2024-11-01T04:56:43Z", "level": "FATAL", "component": "api", "message": "payload too large", "error_code": "E3978", "stack_trace": "at main.go:186", "pid": 10171}
{"ts": "2024-11-01T05:01:43Z", "level": "FATAL", "component": "db", "message": "disk full", "error_code": "E7749", "query_ms": 29386, "db_host": "primary", "stack_trace": "at main.go:988", "pid": 6607}
{"ts": "2024-11-01T05:04:40Z", "level": "WARN", "component": "storage", "message": "timeout", "error_code": "E5967", "request_id": "req-82175"}
{"ts": "2024-11-01T05:06:03Z", "level": "ERROR", "component": "db", "message": "payload too large", "error_code": "E6958", "query_ms": 23518, "db_host": "primary"}
{"ts": "2024-11-01T05:10:49Z", "level": "ERROR", "component": "storage", "message": "payload too large", "error_code": "E5370"}
{"ts": "2024-11-01T05:15:09Z", "level": "WARN", "component": "queue", "message": "disk full", "error_code": "E9078", "queue_name": "export", "depth": 10588}
{"ts": "2024-11-01T05:17:47Z", "level": "ERROR", "component": "api", "message": "invalid token", "error_code": "E6449", "request_id": "req-43278"}
{"ts": "2024-11-01T05:22:12Z", "level": "WARN", "component": "scheduler", "message": "timeout", "error_code": "E3956"}
{"ts": "2024-11-01T05:26:06Z", "level": "ERROR", "component": "storage", "message": "connection refused", "error_code": "E8211", "request_id": "req-17266"}
{"ts": "2024-11-01T05:29:05Z", "level": "ERROR", "component": "storage", "message": "rate limit exceeded", "error_code": "E9634"}
{"ts": "2024-11-01T05:30:12Z", "level": "ERROR", "component": "scheduler", "message": "payload too large", "error_code": "E3265"}
{"ts": "2024-11-01T05:35:07Z", "level": "FATAL", "component": "storage", "message": "connection refused", "error_code": "E3140", "stack_trace": "at main.go:162", "pid": 1841}
{"ts": "2024-11-01T05:36:07Z", "level": "ERROR", "component": "cache", "message": "rate limit exceeded", "error_code": "E1889", "cache_key": "key:8979", "ttl": 771, "request_id": "req-15828"}
{"ts": "2024-11-01T05:38:32Z", "level": "WARN", "component": "queue", "message": "invalid token", "error_code": "E8628", "queue_name": "notify", "depth": 22892}
{"ts": "2024-11-01T05:41:52Z", "level": "WARN", "component": "cache", "message": "connection refused", "error_code": "E4879", "cache_key": "key:8766", "ttl": 1615}
{"ts": "2024-11-01T05:42:22Z", "level": "ERROR", "component": "cache", "message": "payload too large", "error_code": "E4871", "cache_key": "key:6355", "ttl": 2643, "request_id": "req-85060"}
{"ts": "2024-11-01T05:45:16Z", "level": "ERROR", "component": "api", "message": "payload too large", "error_code": "E3670"}
{"ts": "2024-11-01T05:46:13Z", "level": "ERROR", "component": "db", "message": "disk full", "error_code": "E3743", "query_ms": 26033, "db_host": "replica-2"}
{"ts": "2024-11-01T05:49:21Z", "level": "WARN", "component": "api", "message": "payload too large", "error_code": "E4257"}
{"ts": "2024-11-01T05:53:52Z", "level": "ERROR", "component": "storage", "message": "connection refused", "error_code": "E1080"}
{"ts": "2024-11-01T05:58:02Z", "level": "ERROR", "component": "scheduler", "message": "invalid token", "error_code": "E9189", "request_id": "req-25095"}
{"ts": "2024-11-01T05:59:26Z", "level": "ERROR", "component": "scheduler", "message": "connection refused", "error_code": "E3486", "request_id": "req-30631"}
{"ts": "2024-11-01T06:00:36Z", "level": "WARN", "component": "scheduler", "message": "rate limit exceeded", "error_code": "E7719"}
{"ts": "2024-11-01T06:01:57Z", "level": "ERROR", "component": "storage", "message": "disk full", "error_code": "E2462", "request_id": "req-60145"}
{"ts": "2024-11-01T06:05:33Z", "level": "ERROR", "component": "db", "message": "timeout", "error_code": "E2981", "query_ms": 20734, "db_host": "replica-2", "request_id": "req-27824"}
{"ts": "2024-11-01T06:08:38Z", "level": "WARN", "component": "storage", "message": "rate limit exceeded", "error_code": "E5074", "request_id": "req-91654"}
{"ts": "2024-11-01T06:10:37Z", "level": "ERROR", "component": "storage", "message": "connection refused", "error_code": "E8068", "request_id": "req-37315"}
{"ts": "2024-11-01T06:15:21Z", "level": "ERROR", "component": "db", "message": "rate limit exceeded", "error_code": "E5939", "query_ms": 25949, "db_host": "replica-2", "request_id": "req-46968"}
{"ts": "2024-11-01T06:17:01Z", "level": "ERROR", "component": "cache", "message": "timeout", "error_code": "E7468", "cache_key": "key:8599", "ttl": 575}
{"ts": "2024-11-01T06:17:15Z", "level": "ERROR", "component": "cache", "message": "connection refused", "error_code": "E3459", "cache_key": "key:9771", "ttl": 1174, "request_id": "req-12243"}
{"ts": "2024-11-01T06:19:04Z", "level": "WARN", "component": "cache", "message": "payload too large", "error_code": "E7234", "cache_key": "key:1082", "ttl": 3319}
{"ts": "2024-11-01T06:19:14Z", "level": "WARN", "component": "db", "message": "disk full", "error_code": "E6656", "query_ms": 4700, "db_host": "replica-2"}
{"ts": "2024-11-01T06:19:32Z", "level": "WARN", "component": "db", "message": "rate limit exceeded", "error_code": "E2943", "query_ms": 5149, "db_host": "replica-1", "request_id": "req-57056"}
{"ts": "2024-11-01T06:24:23Z", "level": "ERROR", "component": "cache", "message": "rate limit exceeded", "error_code": "E6028", "cache_key": "key:2136", "ttl": 868}
{"ts": "2024-11-01T06:26:45Z", "level": "FATAL", "component": "scheduler", "message": "connection refused", "error_code": "E1420", "stack_trace": "at main.go:154", "pid": 64888}
{"ts": "2024-11-01T06:27:22Z", "level": "ERROR", "component": "cache", "message": "invalid token", "error_code": "E3653", "cache_key": "key:7854", "ttl": 945}
{"ts": "2024-11-01T06:29:54Z", "level": "ERROR", "component": "storage", "message": "invalid token", "error_code": "E2007"}
{"ts": "2024-11-01T06:30:47Z", "level": "ERROR", "component": "mailer", "message": "invalid token", "error_code": "E1366"}
{"ts": "2024-11-01T06:32:03Z", "level": "ERROR", "component": "cache", "message": "invalid token", "error_code": "E2753", "cache_key": "key:5610", "ttl": 1308, "request_id": "req-30787"}
{"ts": "2024-11-01T06:32:16Z", "level": "ERROR", "component": "scheduler", "message": "payload too large", "error_code": "E1530", "request_id": "req-26343"}
{"ts": "2024-11-01T06:32:34Z", "level": "WARN", "component": "queue", "message": "rate limit exceeded", "error_code": "E8396", "queue_name": "import", "depth": 27734}
{"ts": "2024-11-01T06:35:21Z", "level": "WARN", "component": "cache", "message": "rate limit exceeded", "error_code": "E6702", "cache_key": "key:6095", "ttl": 1167}
{"ts": "2024-11-01T06:36:59Z", "level": "FATAL", "component": "cache", "message": "rate limit exceeded", "error_code": "E2743", "cache_key": "key:2243", "ttl": 3427, "stack_trace": "at main.go:839", "pid": 16457}
{"ts": "2024-11-01T06:37:10Z", "level": "ERROR", "component": "storage", "message": "timeout", "error_code": "E2941"}
{"ts": "2024-11-01T06:41:43Z", "level": "ERROR", "component": "db", "message": "timeout", "error_code": "E7759", "query_ms": 18648, "db_host": "primary", "request_id": "req-62250"}
{"ts": "2024-11-01T06:44:14Z", "level": "WARN", "component": "api", "message": "rate limit exceeded", "error_code": "E3652"}
{"ts": "2024-11-01T06:44:45Z", "level": "ERROR", "component": "storage", "message": "timeout", "error_code": "E7000"}
{"ts": "2024-11-01T06:46:10Z", "level": "ERROR", "component": "mailer", "message": "disk full", "error_code": "E2772"}
{"ts": "2024-11-01T06:46:51Z", "level": "ERROR", "component": "db", "message": "invalid token", "error_code": "E1695", "query_ms": 13888, "db_host": "replica-1", "request_id": "req-17062"}
{"ts": "2024-11-01T06:50:57Z", "level": "WARN", "component": "cache", "message": "timeout", "error_code": "E1783", "cache_key": "key:4715", "ttl": 1479}
{"ts": "2024-11-01T06:53:28Z", "level": "ERROR", "component": "db", "message": "rate limit exceeded", "error_code": "E3866", "query_ms": 4242, "db_host": "replica-2", "request_id": "req-12284"}
{"ts": "2024-11-01T06:58:27Z", "level": "ERROR", "component": "cache", "message": "invalid token", "error_code": "E9652", "cache_key": "key:5822", "ttl": 1830}
{"ts": "2024-11-01T07:02:16Z", "level": "ERROR", "component": "queue", "message": "timeout", "error_code": "E4351", "queue_name": "mail", "depth": 36782, "request_id": "req-36078"}
{"ts": "2024-11-01T07:04:08Z", "level": "WARN", "component": "db", "message": "rate limit exceeded", "error_code": "E5165", "query_ms": 27970, "db_host": "replica-1"}
{"ts": "2024-11-01T07:08:01Z", "level": "WARN", "component": "api", "message": "payload too large", "error_code": "E2049"}
{"ts": "2024-11-01T07:09:21Z", "level": "WARN", "component": "queue", "message": "timeout", "error_code": "E1525", "queue_name": "mail", "depth": 17432}
{"ts": "2024-11-01T07:13:08Z", "level": "ERROR", "component": "cache", "message": "disk full", "error_code": "E1408", "cache_key": "key:1112", "ttl": 3256, "request_id": "req-68580"}
{"ts": "2024-11-01T07:17:26Z", "level": "WARN", "component": "api", "message": "payload too large", "error_code": "E1611", "request_id": "req-95865"}
{"ts": "2024-11-01T07:19:50Z", "level": "ERROR", "component": "storage", "message": "invalid token", "error_code": "E2113"}
{"ts": "2024-11-01T07:24:48Z", "level": "WARN", "component": "mailer", "message": "disk full", "error_code": "E5416"}
{"ts": "2024-11-01T07:27:39Z", "level": "ERROR", "component": "scheduler", "message": "timeout", "error_code": "E6188"}
{"ts": "2024-11-01T07:28:10Z", "level": "ERROR", "component": "storage", "message": "invalid token", "error_code": "E1620"}
{"ts": "2024-11-01T07:30:52Z", "level": "WARN", "component": "storage", "message": "rate limit exceeded", "error_code": "E7471"}
{"ts": "2024-11-01T07:35:32Z", "level": "FATAL", "component": "scheduler", "message": "connection refused", "error_code": "E2066", "stack_trace": "at main.go:213", "pid": 30360}
{"ts": "2024-11-01T07:36:43Z", "level": "WARN", "component": "queue", "message": "invalid token", "error_code": "E5794", "queue_name": "mail", "depth": 26927}
{"ts": "2024-11-01T07:37:43Z", "level": "ERROR", "component": "queue", "message": "payload too large", "error_code": "E1804", "queue_name": "notify", "depth": 31450}
{"ts": "2024-11-01T07:40:00Z", "level": "ERROR", "component": "db", "message": "payload too large", "error_code": "E8158", "query_ms": 6497, "db_host": "primary"}
{"ts": "2024-11-01T07:44:33Z", "level": "WARN", "component": "storage", "message": "payload too large", "error_code": "E2866"}
{"ts": "2024-11-01T07:48:31Z", "level": "WARN", "component": "api", "message": "disk full", "error_code": "E5327", "request_id": "req-66464"}
{"ts": "2024-11-01T07:49:52Z", "level": "ERROR", "component": "queue", "message": "timeout", "error_code": "E9447", "queue_name": "notify", "depth": 35425}
{"ts": "2024-11-01T07:50:56Z", "level": "ERROR", "component": "api", "message": "connection refused", "error_code": "E1449"}
{"ts": "2024-11-01T07:53:18Z", "level": "ERROR", "component": "storage", "message": "timeout", "error_code": "E4853", "request_id": "req-90636"}
{"ts": "2024-11-01T07:57:50Z", "level": "ERROR", "component": "mailer", "message": "invalid token", "error_code": "E8349"}
{"ts": "2024-11-01T07:58:57Z", "level": "ERROR", "component": "queue", "message": "timeout", "error_code": "E9806", "queue_name": "import", "depth": 43351}
{"ts": "2024-11-01T07:59:43Z", "level": "FATAL", "component": "queue", "message": "payload too large", "error_code": "E5982", "queue_name": "export", "depth": 10532, "stack_trace": "at main.go:786", "pid": 7881}
{"ts": "2024-11-01T08:02:55Z", "level": "ERROR", "component": "scheduler", "message": "connection refused", "error_code": "E8214"}
{"ts": "2024-11-01T08:06:16Z", "level": "ERROR", "component": "api", "message": "invalid token", "error_code": "E3827", "request_id": "req-13367"}
{"ts": "2024-11-01T08:08:38Z", "level": "ERROR", "component": "queue", "message": "rate limit exceeded", "error_code": "E6246", "queue_name": "notify", "depth": 43685, "request_id": "req-33570"}
{"ts": "2024-11-01T08:10:24Z", "level": "ERROR", "component": "api", "message": "payload too large", "error_code": "E7606", "request_id": "req-94928"}
{"ts": "2024-11-01T08:11:17Z", "level": "FATAL", "component": "storage", "message": "rate limit exceeded", "error_code": "E5430", "stack_trace": "at main.go:820", "pid": 10837}
{"ts": "2024-11-01T08:15:03Z", "level": "ERROR", "component": "storage", "message": "connection refused", "error_code": "E8591"}
{"ts": "2024-11-01T08:18:33Z", "level": "ERROR", "component": "scheduler", "message": "rate limit exceeded", "error_code": "E1819", "request_id": "req-87180"}
{"ts": "2024-11-01T08:21:44Z", "level": "ERROR", "component": "api", "message": "payload too large", "error_code": "E2448"}
{"ts": "2024-11-01T08:25:30Z", "level": "ERROR", "component": "queue", "message": "timeout", "error_code": "E9099", "queue_name": "export", "depth": 11601}
{"ts": "2024-11-01T08:30:23Z", "level": "ERROR", "component": "cache", "message": "disk full", "error_code": "E7183", "cache_key": "key:5801", "ttl": 438}
{"ts": "2024-11-01T08:34:28Z", "level": "ERROR", "component": "mailer", "message": "disk full", "error_code": "E7523", "request_id": "req-93885"}
{"ts": "2024-11-01T08:35:01Z", "level": "WARN", "component": "queue", "message": "disk full", "error_code": "E5637", "queue_name": "notify", "depth": 25148}
{"ts": "2024-11-01T08:37:26Z", "level": "FATAL", "component": "queue", "message": "timeout", "error_code": "E5352", "queue_name": "notify", "depth": 33534, "stack_trace": "at main.go:329", "pid": 9942, "request_id": "req-11522"}
{"ts": "2024-11-01T08:38:54Z", "level": "ERROR", "component": "api", "message": "rate limit exceeded", "error_code": "E3332", "request_id": "req-56605"}
{"ts": "2024-11-01T08:41:08Z", "level": "WARN", "component": "queue", "message": "payload too large", "error_code": "E9890", "queue_name": "export", "depth": 22}
{"ts": "2024-11-01T08:43:11Z", "level": "ERROR", "component": "queue", "message": "invalid token", "error_code": "E9221", "queue_name": "export", "depth": 40244, "request_id": "req-67135"}
{"ts": "2024-11-01T08:44:31Z", "level": "FATAL", "component": "queue", "message": "rate limit exceeded", "error_code": "E3479", "queue_name": "notify", "depth": 39448, "stack_trace": "at main.go:599", "pid": 4467}
{"ts": "2024-11-01T08:45:13Z", "level": "ERROR", "component": "api", "message": "connection refused", "error_code": "E2850"}
{"ts": "2024-11-01T08:47:30Z", "level": "ERROR", "component": "mailer", "message": "invalid token", "error_code": "E3674"}
{"ts": "2024-11-01T08:49:24Z", "level": "WARN", "component": "api", "message": "connection refused", "error_code": "E4495"}
{"ts": "2024-11-01T08:53:02Z", "level": "WARN", "component": "cache", "message": "connection refused", "error_code": "E5073", "cache_key": "key:718", "ttl": 1042, "request_id": "req-76983"}
{"ts": "2024-11-01T08:54:00Z", "level": "ERROR", "component": "mailer", "message": "disk full", "error_code": "E1359"}
{"ts": "2024-11-01T08:57:14Z", "level": "FATAL", "component": "cache", "message": "payload too large", "error_code": "E9119", "cache_key": "key:2370", "ttl": 1073, "stack_trace": "at main.go:137", "pid": 40389, "request_id": "req-51665"}
{"ts": "2024-11-01T08:57:40Z", "level": "WARN", "component": "scheduler", "message": "payload too large", "error_code": "E5482", "request_id": "req-84346"}
{"ts": "2024-11-01T09:01:23Z", "level": "ERROR", "component": "api", "message": "rate limit exceeded", "error_code": "E8933"}
{"ts": "2024-11-01T09:02:06Z", "level": "WARN", "component": "db", "message": "disk full", "error_code": "E5238", "query_ms": 19982, "db_host": "replica-2"}
{"ts": "2024-11-01T09:06:55Z", "level": "WARN", "component": "storage", "message": "invalid token", "error_code": "E1046"}
{"ts": "2024-11-01T09:11:01Z", "level": "WARN", "component": "db", "message": "timeout", "error_code": "E5448", "query_ms": 3108, "db_host": "replica-1", "request_id": "req-77760"}
{"ts": "2024-11-01T09:12:04Z", "level": "WARN", "component": "mailer", "message": "payload too large", "error_code": "E4026"}
{"ts": "2024-11-01T09:15:26Z", "level": "FATAL", "component": "storage", "message": "rate limit exceeded", "error_code": "E9821", "stack_trace": "at main.go:642", "pid": 52742}
{"ts": "2024-11-01T09:18:58Z", "level": "WARN", "component": "storage", "message": "rate limit exceeded", "error_code": "E6105"}
{"ts": "2024-11-01T09:22:23Z", "level": "ERROR", "component": "scheduler", "message": "timeout", "error_code": "E6362", "request_id": "req-44238"}
{"ts": "2024-11-01T09:25:13Z", "level": "WARN", "component": "api", "message": "timeout", "error_code": "E3033"}
{"ts": "2024-11-01T09:26:55Z", "level": "ERROR", "component": "scheduler", "message": "rate limit exceeded", "error_code": "E6919", "request_id": "req-60002"}
{"ts": "2024-11-01T09:27:27Z", "level": "ERROR", "component": "api", "message": "rate limit exceeded", "error_code": "E2287"}
{"ts": "2024-11-01T09:28:08Z", "level": "ERROR", "component": "storage", "message": "invalid token", "error_code": "E7469", "request_id": "req-51207"}
{"ts": "2024-11-01T09:30:25Z", "level": "ERROR", "component": "scheduler", "message": "disk full", "error_code": "E3060", "request_id": "req-85925"}
{"ts": "2024-11-01T09:32:48Z", "level": "ERROR", "component": "storage", "message": "timeout", "error_code": "E7209"}
{"ts": "2024-11-01T09:33:23Z", "level": "ERROR", "component": "scheduler", "message": "disk full", "error_code": "E5933"}
{"ts": "2024-11-01T09:36:05Z", "level": "ERROR", "component": "storage", "message": "payload too large", "error_code": "E3931", "request_id": "req-59327"}
{"ts": "2024-11-01T09:39:27Z", "level": "WARN", "component": "cache", "message": "disk full", "error_code": "E8125", "cache_key": "key:7068", "ttl": 2037}
{"ts": "2024-11-01T09:42:24Z", "level": "WARN", "component": "cache", "message": "connection refused", "error_code": "E1235", "cache_key": "key:5092", "ttl": 1289}
{"ts": "2024-11-01T09:45:40Z", "level": "ERROR", "component": "queue", "message": "payload too large", "error_code": "E9806", "queue_name": "mail", "depth": 37434}
{"ts": "2024-11-01T09:48:27Z", "level": "WARN", "component": "db", "message": "connection refused", "error_code": "E9297", "query_ms": 26886, "db_host": "replica-2", "request_id": "req-27151"}
{"ts": "2024-11-01T09:50:41Z", "level": "WARN", "component": "cache", "message": "payload too large", "error_code": "E7626", "cache_key": "key:6247", "ttl": 3208, "request_id": "req-93038"}
{"ts": "2024-11-01T09:52:25Z", "level": "WARN", "component": "cache", "message": "disk full", "error_code": "E5738", "cache_key": "key:888", "ttl": 444, "request_id": "req-53778"}
{"ts": "2024-11-01T09:55:32Z", "level": "ERROR", "component": "api", "message": "timeout", "error_code": "E7971", "request_id": "req-34476"}
{"ts": "2024-11-01T09:56:42Z", "level": "ERROR", "component": "cache", "message": "connection refused", "error_code": "E8404", "cache_key": "key:7016", "ttl": 1959}
{"ts": "2024-11-01T10:00:54Z", "level": "ERROR", "component": "db", "message": "payload too large", "error_code": "E2103", "query_ms": 13284, "db_host": "primary", "request_id": "req-33183"}
{"ts": "2024-11-01T10:03:27Z", "level": "WARN", "component": "api", "message": "timeout", "error_code": "E7103"}
{"ts": "2024-11-01T10:07:54Z", "level": "WARN", "component": "cache", "message": "invalid token", "error_code": "E9471", "cache_key": "key:6362", "ttl": 245, "request_id": "req-80366"}
{"ts": "2024-11-01T10:08:11Z", "level": "ERROR", "component": "storage", "message": "invalid token", "error_code": "E7489"}
{"ts": "2024-11-01T10:12:34Z", "level": "FATAL", "component": "db", "message": "connection refused", "error_code": "E2296", "query_ms": 6165, "db_host": "replica-2", "stack_trace": "at main.go:619", "pid": 57835}
{"ts": "2024-11-01T10:16:31Z", "level": "FATAL", "component": "api", "message": "payload too large", "error_code": "E8309", "stack_trace": "at main.go:148", "pid": 65157}
{"ts": "2024-11-01T10:18:55Z", "level": "WARN", "component": "scheduler", "message": "rate limit exceeded", "error_code": "E2247", "request_id": "req-24536"}
{"ts": "2024-11-01T10:20:29Z", "level": "ERROR", "component": "storage", "message": "payload too large", "error_code": "E4748"}
{"ts": "2024-11-01T10:24:44Z", "level": "ERROR", "component": "queue", "message": "payload too large", "error_code": "E7322", "queue_name": "mail", "depth": 30225}
{"ts": "2024-11-01T10:26:20Z", "level": "ERROR", "component": "cache", "message": "invalid token", "error_code": "E3864", "cache_key": "key:5076", "ttl": 523, "request_id": "req-83071"}
{"ts": "2024-11-01T10:28:29Z", "level": "ERROR", "component": "cache", "message": "payload too large", "error_code": "E5396", "cache_key": "key:773", "ttl": 128}
{"ts": "2024-11-01T10:32:18Z", "level": "ERROR", "component": "scheduler", "message": "payload too large", "error_code": "E5672"}
{"ts": "2024-11-01T10:35:21Z", "level": "WARN", "component": "mailer", "message": "connection refused", "error_code": "E2256", "request_id": "req-35368"}
{"ts": "2024-11-01T10:36:49Z", "level": "FATAL", "component": "queue", "message": "payload too large", "error_code": "E9802", "queue_name": "notify", "depth": 44706, "stack_trace": "at main.go:972", "pid": 40685}
{"ts": "2024-11-01T10:37:42Z", "level": "ERROR", "component": "mailer", "message": "rate limit exceeded", "error_code": "E4379", "request_id": "req-48465"}
{"ts": "2024-11-01T10:39:17Z", "level": "ERROR", "component": "api", "message": "connection refused", "error_code": "E9829", "request_id": "req-32245"}
{"ts": "2024-11-01T10:40:04Z", "level": "WARN", "component": "cache", "message": "disk full", "error_code": "E1206", "cache_key": "key:8895", "ttl": 248}
{"ts": "2024-11-01T10:40:48Z", "level": "WARN", "component": "queue", "message": "connection refused", "error_code": "E1683", "queue_name": "import", "depth": 21558}
{"ts": "2024-11-01T10:42:37Z", "level": "ERROR", "component": "storage", "message": "connection refused", "error_code": "E6324"}
{"ts": "2024-11-01T10:47:04Z", "level": "WARN", "component": "cache", "message": "invalid token", "error_code": "E4759", "cache_key": "key:5424", "ttl": 3472, "request_id": "req-50053"}
{"ts": "2024-11-01T10:47:20Z", "level": "ERROR", "component": "mailer", "message": "disk full", "error_code": "E2701"}
{"ts": "2024-11-01T10:50:52Z", "level": "ERROR", "component": "storage", "message": "payload too large", "error_code": "E9424"}
{"ts": "2024-11-01T10:54:39Z", "level": "ERROR", "component": "db", "message": "payload too large", "error_code": "E5163", "query_ms": 8835, "db_host": "replica-2"}
{"ts": "2024-11-01T10:57:02Z", "level": "ERROR", "component": "api", "message": "invalid token", "error_code": "E4444"}
{"ts": "2024-11-01T11:00:17Z", "level": "WARN", "component": "queue", "message": "invalid token", "error_code": "E4562", "queue_name": "notify", "depth": 46175}
{"ts": "2024-11-01T11:01:21Z", "level": "ERROR", "component": "scheduler", "message": "disk full", "error_code": "E6251", "request_id": "req-88086"}
{"ts": "2024-11-01T11:02:34Z", "level": "ERROR", "component": "queue", "message": "invalid token", "error_code": "E9396", "queue_name": "import", "depth": 35315}
{"ts": "2024-11-01T11:07:34Z", "level": "ERROR", "component": "storage", "message": "invalid token", "error_code": "E9429"}
{"ts": "2024-11-01T11:08:15Z", "level": "ERROR", "component": "cache", "message": "rate limit exceeded", "error_code": "E3176", "cache_key": "key:7854", "ttl": 428, "request_id": "req-68905"}
{"ts": "2024-11-01T11:09:35Z", "level": "ERROR", "component": "db", "message": "timeout", "error_code": "E2467", "query_ms": 28741, "db_host": "replica-2"}
{"ts": "2024-11-01T11:14:21Z", "level": "WARN", "component": "queue", "message": "disk full", "error_code": "E5139", "queue_name": "export", "depth": 17550, "request_id": "req-36703"}
{"ts": "2024-11-01T11:19:16Z", "level": "WARN", "component": "storage", "message": "rate limit exceeded", "error_code": "E3666"}
{"ts": "2024-11-01T11:21:27Z", "level": "ERROR", "component": "api", "message": "connection refused", "error_code": "E2846"}
{"ts": "2024-11-01T11:26:18Z", "level": "ERROR", "component": "queue", "message": "connection refused", "error_code": "E4442", "queue_name": "export", "depth": 33887}
{"ts": "2024-11-01T11:26:53Z", "level": "WARN", "component": "storage", "message": "connection refused", "error_code": "E3748", "request_id": "req-15869"}
{"ts": "2024-11-01T11:28:02Z", "level": "ERROR", "component": "db", "message": "connection refused", "error_code": "E1034", "query_ms": 1033, "db_host": "primary"}
{"ts": "2024-11-01T11:31:29Z", "level": "ERROR", "component": "queue", "message": "timeout", "error_code": "E1742", "queue_name": "mail", "depth": 33287}
{"ts": "2024-11-01T11:36:24Z", "level": "FATAL", "component": "scheduler", "message": "rate limit exceeded", "error_code": "E7328", "stack_trace": "at main.go:134", "pid": 735}
{"ts": "2024-11-01T11:39:05Z", "level": "ERROR", "component": "queue", "message": "timeout", "error_code": "E5731", "queue_name": "mail", "depth": 47481, "request_id": "req-82487"}
{"ts": "2024-11-01T11:41:43Z", "level": "FATAL", "component": "scheduler", "message": "connection refused", "error_code": "E2393", "stack_trace": "at main.go:613", "pid": 33446}
{"ts": "2024-11-01T11:46:00Z", "level": "ERROR", "component": "mailer", "message": "invalid token", "error_code": "E3265", "request_id": "req-50544"}
{"ts": "2024-11-01T11:49:39Z", "level": "WARN", "component": "storage", "message": "payload too large", "error_code": "E2600", "request_id": "req-36025"}
{"ts": "2024-11-01T11:49:57Z", "level": "ERROR", "component": "mailer", "message": "rate limit exceeded", "error_code": "E3988", "request_id": "req-46562"}
{"ts": "2024-11-01T11:52:55Z", "level": "FATAL", "component": "storage", "message": "rate limit exceeded", "error_code": "E8168", "stack_trace": "at main.go:864", "pid": 4885, "request_id": "req-16039"}
{"ts": "2024-11-01T11:56:48Z", "level": "ERROR", "component": "scheduler", "message": "rate limit exceeded", "error_code": "E7915", "request_id": "req-19676"}
{"ts": "2024-11-01T11:57:04Z", "level": "FATAL", "component": "queue", "message": "payload too large", "error_code": "E5900", "queue_name": "mail", "depth": 46462, "stack_trace": "at main.go:102", "pid": 46143}
{"ts": "2024-11-01T11:59:09Z", "level": "FATAL", "component": "api", "message": "rate limit exceeded", "error_code": "E9874", "stack_trace": "at main.go:341", "pid": 6592, "request_id": "req-87526"}
{"ts": "2024-11-01T12:01:36Z", "level": "WARN", "component": "queue", "message": "timeout", "error_code": "E9565", "queue_name": "mail", "depth": 24070}
{"ts": "2024-11-01T12:03:25Z", "level": "ERROR", "component": "storage", "message": "connection refused", "error_code": "E5820"}
{"ts": "2024-11-01T12:06:48Z", "level": "ERROR", "component": "storage", "message": "invalid token", "error_code": "E7639", "request_id": "req-89551"}
{"ts": "2024-11-01T12:10:53Z", "level": "WARN", "component": "storage", "message": "connection refused", "error_code": "E9846"}
{"ts": "2024-11-01T12:15:47Z", "level": "ERROR", "component": "scheduler", "message": "invalid token", "error_code": "E2938"}
{"ts": "2024-11-01T12:20:05Z", "level": "WARN", "component": "api", "message": "payload too large", "error_code": "E1501", "request_id": "req-87510"}
{"ts": "2024-11-01T12:23:54Z", "level": "ERROR", "component": "queue", "message": "timeout", "error_code": "E8446", "queue_name": "notify", "depth": 1531}
{"ts": "2024-11-01T12:26:05Z", "level": "ERROR", "component": "api", "message": "connection refused", "error_code": "E8071"}
{"ts": "2024-11-01T12:29:18Z", "level": "ERROR", "component": "scheduler", "message": "invalid token", "error_code": "E4060", "request_id": "req-49678"}
{"ts": "2024-11-01T12:30:08Z", "level": "ERROR", "component": "api", "message": "invalid token", "error_code": "E7038"}
{"ts": "2024-11-01T12:30:55Z", "level": "WARN", "component": "cache", "message": "payload too large", "error_code": "E9363", "cache_key": "key:5151", "ttl": 482}
{"ts": "2024-11-01T12:34:58Z", "level": "ERROR", "component": "api", "message": "disk full", "error_code": "E3260"}
{"ts": "2024-11-01T12:38:25Z", "level": "WARN", "component": "mailer", "message": "timeout", "error_code": "E2582"}
{"ts": "2024-11-01T12:43:17Z", "level": "ERROR", "component": "api", "message": "invalid token", "error_code": "E7599"}
{"ts": "2024-11-01T12:47:10Z", "level": "ERROR", "component": "db", "message": "connection refused", "error_code": "E8823", "query_ms": 11453, "db_host": "replica-2"}
{"ts": "2024-11-01T12:51:10Z", "level": "ERROR", "component": "scheduler", "message": "payload too large", "error_code": "E7003", "request_id": "req-27287"}
{"ts": "2024-11-01T12:52:13Z", "level": "WARN", "component": "cache", "message": "disk full", "error_code": "E5811", "cache_key": "key:6109", "ttl": 1991}
{"ts": "2024-11-01T12:52:46Z", "level": "ERROR", "component": "mailer", "message": "invalid token", "error_code": "E3071", "request_id": "req-85756"}
{"ts": "2024-11-01T12:54:08Z", "level": "ERROR", "component": "mailer", "message": "payload too large", "error_code": "E9141"}
{"ts": "2024-11-01T12:54:27Z", "level": "FATAL", "component": "api", "message": "timeout", "error_code": "E7542", "stack_trace": "at main.go:234", "pid": 60644}
{"ts": "2024-11-01T12:57:32Z", "level": "ERROR", "component": "api", "message": "rate limit exceeded", "error_code": "E3812", "request_id": "req-27827"}
{"ts": "2024-11-01T13:00:04Z", "level": "WARN", "component": "queue", "message": "connection refused", "error_code": "E9242", "queue_name": "export", "depth": 36699}
{"ts": "2024-11-01T13:02:37Z", "level": "ERROR", "component": "api", "message": "rate limit exceeded", "error_code": "E9522"}
{"ts": "2024-11-01T13:07:11Z", "level": "ERROR", "component": "scheduler", "message": "payload too large", "error_code": "E8415", "request_id": "req-27858"}
{"ts": "2024-11-01T13:10:55Z", "level": "ERROR", "component": "storage", "message": "payload too large", "error_code": "E1102"}
{"ts": "2024-11-01T13:11:35Z", "level": "WARN", "component": "storage", "message": "disk full", "error_code": "E1966", "request_id": "req-85282"}
{"ts": "2024-11-01T13:14:55Z", "level": "FATAL", "component": "storage", "message": "connection refused", "error_code": "E8599", "stack_trace": "at main.go:917", "pid": 52905, "request_id": "req-96106"}
{"ts": "2024-11-01T13:15:49Z", "level": "ERROR", "component": "queue", "message": "timeout", "error_code": "E1714", "queue_name": "import", "depth": 14903}
{"ts": "2024-11-01T13:19:44Z", "level": "ERROR", "component": "storage", "message": "connection refused", "error_code": "E4270", "request_id": "req-70604"}
{"ts": "2024-11-01T13:20:30Z", "level": "WARN", "component": "storage", "message": "payload too large", "error_code": "E1240", "request_id": "req-73421"}
{"ts": "2024-11-01T13:22:51Z", "level": "FATAL", "component": "mailer", "message": "disk full", "error_code": "E2419", "stack_trace": "at main.go:908", "pid": 33042}
{"ts": "2024-11-01T13:25:40Z", "level": "ERROR", "component": "cache", "message": "disk full", "error_code": "E5801", "cache_key": "key:3720", "ttl": 3320}
{"ts": "2024-11-01T13:30:40Z", "level": "ERROR", "component": "queue", "message": "invalid token", "error_code": "E4495", "queue_name": "notify", "depth": 22584, "request_id": "req-43697"}
{"ts": "2024-11-01T13:33:12Z", "level": "FATAL", "component": "mailer", "message": "timeout", "error_code": "E7773", "stack_trace": "at main.go:866", "pid": 48019, "request_id": "req-91842"}
{"ts": "2024-11-01T13:37:45Z", "level": "FATAL", "component": "queue", "message": "connection refused", "error_code": "E6093", "queue_name": "mail", "depth": 13973, "stack_trace": "at main.go:933", "pid": 50497}
{"ts": "2024-11-01T13:38:31Z", "level": "ERROR", "component": "cache", "message": "timeout", "error_code": "E3518", "cache_key": "key:5764", "ttl": 3173}
{"ts": "2024-11-01T13:42:07Z", "level": "ERROR", "component": "db", "message": "timeout", "error_code": "E8672", "query_ms": 29742, "db_host": "replica-1", "request_id": "req-57178"}
{"ts": "2024-11-01T13:46:01Z", "level": "ERROR", "component": "mailer", "message": "connection refused", "error_code": "E6527"}
{"ts": "2024-11-01T13:47:28Z", "level": "ERROR", "component": "api", "message": "rate limit exceeded", "error_code": "E5472"}
{"ts": "2024-11-01T13:51:20Z", "level": "ERROR", "component": "queue", "message": "rate limit exceeded", "error_code": "E4174", "queue_name": "export", "depth": 47038}
{"ts": "2024-11-01T13:54:03Z", "level": "FATAL", "component": "storage", "message": "connection refused", "error_code": "E9964", "stack_trace": "at main.go:320", "pid": 63418, "request_id": "req-39864"}
{"ts": "2024-11-01T13:57:28Z", "level": "FATAL", "component": "mailer", "message": "disk full", "error_code": "E5881", "stack_trace": "at main.go:425", "pid": 59966, "request_id": "req-16217"}
{"ts": "2024-11-01T14:00:27Z", "level": "ERROR", "component": "queue", "message": "rate limit exceeded", "error_code": "E5533", "queue_name": "mail", "depth": 25786, "request_id": "req-91248"}
{"ts": "2024-11-01T14:03:28Z", "level": "ERROR", "component": "cache", "message": "rate limit exceeded", "error_code": "E3612", "cache_key": "key:3375", "ttl": 2312, "request_id": "req-11275"}
{"ts": "2024-11-01T14:03:55Z", "level": "ERROR", "component": "cache", "message": "payload too large", "error_code": "E2755", "cache_key": "key:697", "ttl": 2020}
{"ts": "2024-11-01T14:06:43Z", "level": "WARN", "component": "scheduler", "message": "invalid token", "error_code": "E2666"}
{"ts": "2024-11-01T14:07:44Z", "level": "FATAL", "component": "api", "message": "rate limit exceeded", "error_code": "E9315", "stack_trace": "at main.go:973", "pid": 25422, "request_id": "req-12503"}
{"ts": "2024-11-01T14:09:06Z", "level": "ERROR", "component": "cache", "message": "disk full", "error_code": "E8293", "cache_key": "key:6375", "ttl": 221}
{"ts": "2024-11-01T14:10:46Z", "level": "ERROR", "component": "api", "message": "rate limit exceeded", "error_code": "E7077"}
{"ts": "2024-11-01T14:13:37Z", "level": "WARN", "component": "cache", "message": "disk full", "error_code": "E2362", "cache_key": "key:2903", "ttl": 2}
{"ts": "2024-11-01T14:14:56Z", "level": "ERROR", "component": "cache", "message": "invalid token", "error_code": "E6854", "cache_key": "key:976", "ttl": 43, "request_id": "req-64746"}
{"ts": "2024-11-01T14:15:31Z", "level": "ERROR", "component": "api", "message": "payload too large", "error_code": "E4515"}
{"ts": "2024-11-01T14:17:14Z", "level": "FATAL", "component": "cache", "message": "disk full", "error_code": "E5253", "cache_key": "key:7212", "ttl": 2595, "stack_trace": "at main.go:921", "pid": 40478, "request_id": "req-67417"}
{"ts": "2024-11-01T14:19:48Z", "level": "ERROR", "component": "mailer", "message": "rate limit exceeded", "error_code": "E2636"}
{"ts": "2024-11-01T14:21:35Z", "level": "WARN", "component": "queue", "message": "invalid token", "error_code": "E1811", "queue_name": "import", "depth": 46418}
{"ts": "2024-11-01T14:24:52Z", "level": "WARN", "component": "db", "message": "disk full", "error_code": "E2077", "query_ms": 2077, "db_host": "primary"}
{"ts": "2024-11-01T14:27:29Z", "level": "FATAL", "component": "storage", "message": "connection refused", "error_code": "E5981", "stack_trace": "at main.go:801", "pid": 47276, "request_id": "req-85887"}
{"ts": "2024-11-01T14:28:39Z", "level": "ERROR", "component": "cache", "message": "connection refused", "error_code": "E1514", "cache_key": "key:3515", "ttl": 1754, "request_id": "req-90160"}
{"ts": "2024-11-01T14:31:14Z", "level": "ERROR", "component": "storage", "message": "payload too large", "error_code": "E2536"}
{"ts": "2024-11-01T14:34:16Z", "level": "WARN", "component": "storage", "message": "connection refused", "error_code": "E9936", "request_id": "req-41933"}
{"ts": "2024-11-01T14:37:37Z", "level": "WARN", "component": "cache", "message": "connection refused", "error_code": "E1748", "cache_key": "key:5921", "ttl": 1588, "request_id": "req-17775"}
{"ts": "2024-11-01T14:41:15Z", "level": "FATAL", "component": "storage", "message": "invalid token", "error_code": "E1213", "stack_trace": "at main.go:669", "pid": 1260, "request_id": "req-66160"}
{"ts": "2024-11-01T14:46:05Z", "level": "ERROR", "component": "storage", "message": "rate limit exceeded", "error_code": "E8196"}
{"ts": "2024-11-01T14:46:37Z", "level": "WARN", "component": "db", "message": "rate limit exceeded", "error_code": "E9207", "query_ms": 9250, "db_host": "replica-2"}
{"ts": "2024-11-01T14:48:38Z", "level": "WARN", "component": "storage", "message": "payload too large", "error_code": "E6025"}
{"ts": "2024-11-01T14:51:59Z", "level": "WARN", "component": "api", "message": "timeout", "error_code": "E7432"}
{"ts": "2024-11-01T14:55:22Z", "level": "WARN", "component": "mailer", "message": "connection refused", "error_code": "E6475", "request_id": "req-38569"}
{"ts": "2024-11-01T14:56:54Z", "level": "WARN", "component": "mailer", "message": "timeout", "error_code": "E2194"}
{"ts": "2024-11-01T15:00:18Z", "level": "ERROR", "component": "db", "message": "rate limit exceeded", "error_code": "E4008", "query_ms": 9867, "db_host": "primary"}
{"ts": "2024-11-01T15:02:38Z", "level": "ERROR", "component": "api", "message": "disk full", "error_code": "E4060"}
{"ts": "2024-11-01T15:04:04Z", "level": "ERROR", "component": "db", "message": "payload too large", "error_code": "E6423", "query_ms": 28549, "db_host": "primary", "request_id": "req-14187"}
{"ts": "2024-11-01T15:04:34Z", "level": "WARN", "component": "queue", "message": "disk full", "error_code": "E1760", "queue_name": "import", "depth": 16009, "request_id": "req-80911"}
{"ts": "2024-11-01T15:09:28Z", "level": "FATAL", "component": "storage", "message": "payload too large", "error_code": "E4980", "stack_trace": "at main.go:24", "pid": 9927}
{"ts": "2024-11-01T15:10:37Z", "level": "ERROR", "component": "queue", "message": "rate limit exceeded", "error_code": "E4603", "queue_name": "export", "depth": 40387}
{"ts": "2024-11-01T15:13:11Z", "level": "WARN", "component": "cache", "message": "rate limit exceeded", "error_code": "E6473", "cache_key": "key:9218", "ttl": 2279}
{"ts": "2024-11-01T15:17:59Z", "level": "ERROR", "component": "mailer", "message": "invalid token", "error_code": "E4048", "request_id": "req-87780"}
{"ts": "2024-11-01T15:21:45Z", "level": "ERROR", "component": "queue", "message": "timeout", "error_code": "E4783", "queue_name": "export", "depth": 27464}
{"ts": "2024-11-01T15:23:26Z", "level": "WARN", "component": "scheduler", "message": "connection refused", "error_code": "E8496", "request_id": "req-78244"}
{"ts": "2024-11-01T15:25:11Z", "level": "ERROR", "component": "queue", "message": "rate limit exceeded", "error_code": "E1404", "queue_name": "export", "depth": 71}
{"ts": "2024-11-01T15:26:19Z", "level": "ERROR", "component": "cache", "message": "connection refused", "error_code": "E4697", "cache_key": "key:9024", "ttl": 25, "request_id": "req-66550"}
{"ts": "2024-11-01T15:27:55Z", "level": "ERROR", "component": "mailer", "message": "invalid token", "error_code": "E3800", "request_id": "req-78738"}
{"ts": "2024-11-01T15:29:08Z", "level": "ERROR", "component": "queue", "message": "disk full", "error_code": "E1070", "queue_name": "import", "depth": 37063, "request_id": "req-23948"}
{"ts": "2024-11-01T15:30:15Z", "level": "ERROR", "component": "db", "message": "invalid token", "error_code": "E7085", "query_ms": 11389, "db_host": "replica-2"}
{"ts": "2024-11-01T15:33:05Z", "level": "ERROR", "component": "queue", "message": "disk full", "error_code": "E8707", "queue_name": "export", "depth": 46135}
{"ts": "2024-11-01T15:36:30Z", "level": "ERROR", "component": "api", "message": "disk full", "error_code": "E1824"}
{"ts": "2024-11-01T15:39:33Z", "level": "FATAL", "component": "queue", "message": "invalid token", "error_code": "E4538", "queue_name": "mail", "depth": 35880, "stack_trace": "at main.go:394", "pid": 39889}
{"ts": "2024-11-01T15:44:03Z", "level": "FATAL", "component": "queue", "message": "connection refused", "error_code": "E9340", "queue_name": "import", "depth": 21738, "stack_trace": "at main.go:994", "pid": 57808, "request_id": "req-17001"}
{"ts": "2024-11-01T15:45:02Z", "level": "FATAL", "component": "db", "message": "connection refused", "error_code": "E8811", "query_ms": 5825, "db_host": "primary", "stack_trace": "at main.go:65", "pid": 11642}
{"ts": "2024-11-01T15:47:42Z", "level": "ERROR", "component": "scheduler", "message": "connection refused", "error_code": "E3216"}
{"ts": "2024-11-01T15:49:11Z", "level": "ERROR", "component": "api", "message": "payload too large", "error_code": "E5566"}
{"ts": "2024-11-01T15:51:43Z", "level": "WARN", "component": "scheduler", "message": "connection refused", "error_code": "E9599"}
{"ts": "2024-11-01T15:52:26Z", "level": "ERROR", "component": "cache", "message": "invalid token", "error_code": "E4215", "cache_key": "key:168", "ttl": 2757, "request_id": "req-92221"}
{"ts": "2024-11-01T15:52:42Z", "level": "ERROR", "component": "scheduler", "message": "connection refused", "error_code": "E1830", "request_id": "req-29564"}
{"ts": "2024-11-01T15:54:44Z", "level": "WARN", "component": "db", "message": "disk full", "error_code": "E8191", "query_ms": 16819, "db_host": "replica-1"}
{"ts": "2024-11-01T15:55:59Z", "level": "WARN", "component": "api", "message": "connection refused", "error_code": "E7110"}
{"ts": "2024-11-01T15:56:30Z", "level": "WARN", "component": "mailer", "message": "connection refused", "error_code": "E9246", "request_id": "req-53970"}
{"ts": "2024-11-01T15:57:04Z", "level": "ERROR", "component": "queue", "message": "connection refused", "error_code": "E1047", "queue_name": "mail", "depth": 22572}
{"ts": "2024-11-01T15:59:12Z", "level": "FATAL", "component": "queue", "message": "rate limit exceeded", "error_code": "E8530", "queue_name": "import", "depth": 26075, "stack_trace": "at main.go:934", "pid": 38310, "request_id": "req-80420"}
{"ts": "2024-11-01T16:01:16Z", "level": "ERROR", "component": "api", "message": "disk full", "error_code": "E1375"}
{"ts": "2024-11-01T16:02:11Z", "level": "ERROR", "component": "mailer", "message": "disk full", "error_code": "E2212"}
{"ts": "2024-11-01T16:05:34Z", "level": "WARN", "component": "api", "message": "connection refused", "error_code": "E9698", "request_id": "req-13823"}
{"ts": "2024-11-01T16:07:58Z", "level": "ERROR", "component": "scheduler", "message": "invalid token", "error_code": "E5520", "request_id": "req-60737"}
{"ts": "2024-11-01T16:11:28Z", "level": "ERROR", "component": "storage", "message": "timeout", "error_code": "E4326"}
{"ts": "2024-11-01T16:15:12Z", "level": "ERROR", "component": "storage", "message": "timeout", "error_code": "E7011"}
{"ts": "2024-11-01T16:18:30Z", "level": "FATAL", "component": "queue", "message": "rate limit exceeded", "error_code": "E8544", "queue_name": "mail", "depth": 25111, "stack_trace": "at main.go:249", "pid": 45904, "request_id": "req-30050"}
{"ts": "2024-11-01T16:19:23Z", "level": "ERROR", "component": "mailer", "message": "rate limit exceeded", "error_code": "E6931", "request_id": "req-49740"}
{"ts": "2024-11-01T16:21:59Z", "level": "WARN", "component": "mailer", "message": "payload too large", "error_code": "E5923"}
{"ts": "2024-11-01T16:25:54Z", "level": "FATAL", "component": "queue", "message": "connection refused", "error_code": "E6016", "queue_name": "export", "depth": 47007, "stack_trace": "at main.go:240", "pid": 37196}
{"ts": "2024-11-01T16:26:08Z", "level": "ERROR", "component": "storage", "message": "rate limit exceeded", "error_code": "E3740"}
{"ts": "2024-11-01T16:27:24Z", "level": "WARN", "component": "queue", "message": "connection refused", "error_code": "E8108", "queue_name": "mail", "depth": 5797, "request_id": "req-29248"}
{"ts": "2024-11-01T16:29:44Z", "level": "ERROR", "component": "queue", "message": "disk full", "error_code": "E3251", "queue_name": "import", "depth": 42896}
{"ts": "2024-11-01T16:32:38Z", "level": "ERROR", "component": "db", "message": "timeout", "error_code": "E9432", "query_ms": 28357, "db_host": "replica-2"}
{"ts": "2024-11-01T16:33:08Z", "level": "ERROR", "component": "queue", "message": "invalid token", "error_code": "E2607", "queue_name": "notify", "depth": 9667}
{"ts": "2024-11-01T16:35:57Z", "level": "FATAL", "component": "scheduler", "message": "timeout", "error_code": "E7230", "stack_trace": "at main.go:279", "pid": 14458, "request_id": "req-54411"}
{"ts": "2024-11-01T16:38:09Z", "level": "WARN", "component": "scheduler", "message": "payload too large", "error_code": "E8551"}
{"ts": "2024-11-01T16:39:54Z", "level": "WARN", "component": "scheduler", "message": "timeout", "error_code": "E6974"}
{"ts": "2024-11-01T16:41:59Z", "level": "ERROR", "component": "db", "message": "timeout", "error_code": "E4946", "query_ms": 3041, "db_host": "primary"}
{"ts": "2024-11-01T16:45:16Z", "level": "WARN", "component": "storage", "message": "rate limit exceeded", "error_code": "E7646", "request_id": "req-45006"}
{"ts": "2024-11-01T16:48:35Z", "level": "WARN", "component": "mailer", "message": "disk full", "error_code": "E7396"}
{"ts": "2024-11-01T16:53:33Z", "level": "WARN", "component": "queue", "message": "payload too large", "error_code": "E8430", "queue_name": "notify", "depth": 38458}
